0 info it worked if it ends with ok
1 verbose cli [ 'C:\\Program Files (x86)\\nodejs\\node.exe',
1 verbose cli   'C:\\Program Files (x86)\\nodejs\\node_modules\\npm\\bin\\npm-cli.js',
1 verbose cli   'install',
1 verbose cli   'cloudant' ]
2 info using npm@3.10.10
3 info using node@v6.11.2
4 silly loadCurrentTree Starting
5 silly install loadCurrentTree
6 silly install readLocalPackageData
7 silly fetchPackageMetaData cloudant@^1.7.x
8 silly fetchNamedPackageData cloudant
9 silly mapToRegistry name cloudant
10 silly mapToRegistry using default registry
11 silly mapToRegistry registry https://registry.npmjs.org/
12 silly mapToRegistry data Result {
12 silly mapToRegistry   raw: 'cloudant',
12 silly mapToRegistry   scope: null,
12 silly mapToRegistry   escapedName: 'cloudant',
12 silly mapToRegistry   name: 'cloudant',
12 silly mapToRegistry   rawSpec: '',
12 silly mapToRegistry   spec: 'latest',
12 silly mapToRegistry   type: 'tag' }
13 silly mapToRegistry uri https://registry.npmjs.org/cloudant
14 verbose request uri https://registry.npmjs.org/cloudant
15 verbose request no auth needed
16 info attempt registry request try #1 at 2:20:22 PM
17 verbose request id c3bd59aad13cd2d7
18 http request GET https://registry.npmjs.org/cloudant
19 http 200 https://registry.npmjs.org/cloudant
20 verbose headers { server: 'nginx/1.10.1',
20 verbose headers   'content-type': 'application/json',
20 verbose headers   'last-modified': 'Tue, 11 Jul 2017 16:06:07 GMT',
20 verbose headers   etag: 'W/"5964f76f-1196d"',
20 verbose headers   'content-encoding': 'gzip',
20 verbose headers   'cache-control': 'max-age=300',
20 verbose headers   'content-length': '15681',
20 verbose headers   'accept-ranges': 'bytes',
20 verbose headers   date: 'Wed, 30 Aug 2017 12:20:23 GMT',
20 verbose headers   via: '1.1 varnish',
20 verbose headers   age: '0',
20 verbose headers   connection: 'keep-alive',
20 verbose headers   'x-served-by': 'cache-lhr6336-LHR',
20 verbose headers   'x-cache': 'HIT',
20 verbose headers   'x-cache-hits': '1',
20 verbose headers   'x-timer': 'S1504095624.644610,VS0,VE83',
20 verbose headers   vary: 'Accept-Encoding, Accept' }
21 silly get cb [ 200,
21 silly get   { server: 'nginx/1.10.1',
21 silly get     'content-type': 'application/json',
21 silly get     'last-modified': 'Tue, 11 Jul 2017 16:06:07 GMT',
21 silly get     etag: 'W/"5964f76f-1196d"',
21 silly get     'content-encoding': 'gzip',
21 silly get     'cache-control': 'max-age=300',
21 silly get     'content-length': '15681',
21 silly get     'accept-ranges': 'bytes',
21 silly get     date: 'Wed, 30 Aug 2017 12:20:23 GMT',
21 silly get     via: '1.1 varnish',
21 silly get     age: '0',
21 silly get     connection: 'keep-alive',
21 silly get     'x-served-by': 'cache-lhr6336-LHR',
21 silly get     'x-cache': 'HIT',
21 silly get     'x-cache-hits': '1',
21 silly get     'x-timer': 'S1504095624.644610,VS0,VE83',
21 silly get     vary: 'Accept-Encoding, Accept' } ]
22 verbose get saving cloudant to C:\Users\Owner\AppData\Roaming\npm-cache\registry.npmjs.org\cloudant\.cache.json
23 verbose correctMkdir C:\Users\Owner\AppData\Roaming\npm-cache correctMkdir not in flight; initializing
24 silly install normalizeTree
25 silly loadCurrentTree Finishing
26 silly loadIdealTree Starting
27 silly install loadIdealTree
28 silly cloneCurrentTree Starting
29 silly install cloneCurrentTreeToIdealTree
30 silly cloneCurrentTree Finishing
31 silly loadShrinkwrap Starting
32 silly install loadShrinkwrap
33 silly loadShrinkwrap Finishing
34 silly loadAllDepsIntoIdealTree Starting
35 silly install loadAllDepsIntoIdealTree
36 silly resolveWithNewModule cloudant@1.8.0 checking installable status
37 silly cache add args [ 'cloudant@^1.7.x', null ]
38 verbose cache add spec cloudant@^1.7.x
39 silly cache add parsed spec Result {
39 silly cache add   raw: 'cloudant@^1.7.x',
39 silly cache add   scope: null,
39 silly cache add   escapedName: 'cloudant',
39 silly cache add   name: 'cloudant',
39 silly cache add   rawSpec: '^1.7.x',
39 silly cache add   spec: '>=1.7.0 <2.0.0',
39 silly cache add   type: 'range' }
40 silly addNamed cloudant@>=1.7.0 <2.0.0
41 verbose addNamed ">=1.7.0 <2.0.0" is a valid semver range for cloudant
42 silly addNameRange { name: 'cloudant', range: '>=1.7.0 <2.0.0', hasData: false }
43 silly mapToRegistry name cloudant
44 silly mapToRegistry using default registry
45 silly mapToRegistry registry https://registry.npmjs.org/
46 silly mapToRegistry data Result {
46 silly mapToRegistry   raw: 'cloudant',
46 silly mapToRegistry   scope: null,
46 silly mapToRegistry   escapedName: 'cloudant',
46 silly mapToRegistry   name: 'cloudant',
46 silly mapToRegistry   rawSpec: '',
46 silly mapToRegistry   spec: 'latest',
46 silly mapToRegistry   type: 'tag' }
47 silly mapToRegistry uri https://registry.npmjs.org/cloudant
48 verbose addNameRange registry:https://registry.npmjs.org/cloudant not in flight; fetching
49 verbose get https://registry.npmjs.org/cloudant not expired, no request
50 silly addNameRange number 2 { name: 'cloudant', range: '>=1.7.0 <2.0.0', hasData: true }
51 silly addNameRange versions [ 'cloudant',
51 silly addNameRange   [ '0.1.0',
51 silly addNameRange     '1.0.0-beta2',
51 silly addNameRange     '1.0.0-beta3',
51 silly addNameRange     '1.0.0',
51 silly addNameRange     '1.1.0',
51 silly addNameRange     '1.2.0',
51 silly addNameRange     '1.3.0',
51 silly addNameRange     '1.3.1',
51 silly addNameRange     '1.4.0',
51 silly addNameRange     '1.4.1',
51 silly addNameRange     '1.4.2',
51 silly addNameRange     '1.4.3',
51 silly addNameRange     '1.5.0',
51 silly addNameRange     '1.5.1',
51 silly addNameRange     '1.5.2',
51 silly addNameRange     '1.6.0',
51 silly addNameRange     '1.6.1',
51 silly addNameRange     '1.6.2',
51 silly addNameRange     '1.7.0',
51 silly addNameRange     '1.7.1',
51 silly addNameRange     '1.8.0' ] ]
52 silly addNamed cloudant@1.8.0
53 verbose addNamed "1.8.0" is a plain semver version for cloudant
54 silly mapToRegistry name cloudant
55 silly mapToRegistry using default registry
56 silly mapToRegistry registry https://registry.npmjs.org/
57 silly mapToRegistry data Result {
57 silly mapToRegistry   raw: 'cloudant',
57 silly mapToRegistry   scope: null,
57 silly mapToRegistry   escapedName: 'cloudant',
57 silly mapToRegistry   name: 'cloudant',
57 silly mapToRegistry   rawSpec: '',
57 silly mapToRegistry   spec: 'latest',
57 silly mapToRegistry   type: 'tag' }
58 silly mapToRegistry uri https://registry.npmjs.org/cloudant
59 verbose addRemoteTarball https://registry.npmjs.org/cloudant/-/cloudant-1.8.0.tgz not in flight; adding
60 verbose addRemoteTarball [ 'https://registry.npmjs.org/cloudant/-/cloudant-1.8.0.tgz',
60 verbose addRemoteTarball   '8b453f00206b89cacf87a49c0e626f50359ffe52' ]
61 info retry fetch attempt 1 at 2:20:24 PM
62 info attempt registry request try #1 at 2:20:24 PM
63 http fetch GET https://registry.npmjs.org/cloudant/-/cloudant-1.8.0.tgz
64 http fetch 200 https://registry.npmjs.org/cloudant/-/cloudant-1.8.0.tgz
65 silly fetchAndShaCheck shasum 8b453f00206b89cacf87a49c0e626f50359ffe52
66 verbose addTmpTarball C:\Users\Owner\AppData\Local\Temp\npm-16676-f612d6d0\registry.npmjs.org\cloudant\-\cloudant-1.8.0.tgz not in flight; adding
67 verbose addTmpTarball already have metadata; skipping unpack for cloudant@1.8.0
68 verbose correctMkdir C:\Users\Owner\AppData\Roaming\npm-cache correctMkdir not in flight; initializing
69 silly cache afterAdd cloudant@1.8.0
70 verbose afterAdd C:\Users\Owner\AppData\Roaming\npm-cache\cloudant\1.8.0\package\package.json not in flight; writing
71 verbose correctMkdir C:\Users\Owner\AppData\Roaming\npm-cache correctMkdir not in flight; initializing
72 verbose afterAdd C:\Users\Owner\AppData\Roaming\npm-cache\cloudant\1.8.0\package\package.json written
73 silly fetchNamedPackageData async
74 silly mapToRegistry name async
75 silly mapToRegistry using default registry
76 silly mapToRegistry registry https://registry.npmjs.org/
77 silly mapToRegistry data Result {
77 silly mapToRegistry   raw: 'async',
77 silly mapToRegistry   scope: null,
77 silly mapToRegistry   escapedName: 'async',
77 silly mapToRegistry   name: 'async',
77 silly mapToRegistry   rawSpec: '',
77 silly mapToRegistry   spec: 'latest',
77 silly mapToRegistry   type: 'tag' }
78 silly mapToRegistry uri https://registry.npmjs.org/async
79 silly fetchNamedPackageData debug
80 silly mapToRegistry name debug
81 silly mapToRegistry using default registry
82 silly mapToRegistry registry https://registry.npmjs.org/
83 silly mapToRegistry data Result {
83 silly mapToRegistry   raw: 'debug',
83 silly mapToRegistry   scope: null,
83 silly mapToRegistry   escapedName: 'debug',
83 silly mapToRegistry   name: 'debug',
83 silly mapToRegistry   rawSpec: '',
83 silly mapToRegistry   spec: 'latest',
83 silly mapToRegistry   type: 'tag' }
84 silly mapToRegistry uri https://registry.npmjs.org/debug
85 silly fetchNamedPackageData cloudant-nano
86 silly mapToRegistry name cloudant-nano
87 silly mapToRegistry using default registry
88 silly mapToRegistry registry https://registry.npmjs.org/
89 silly mapToRegistry data Result {
89 silly mapToRegistry   raw: 'cloudant-nano',
89 silly mapToRegistry   scope: null,
89 silly mapToRegistry   escapedName: 'cloudant-nano',
89 silly mapToRegistry   name: 'cloudant-nano',
89 silly mapToRegistry   rawSpec: '',
89 silly mapToRegistry   spec: 'latest',
89 silly mapToRegistry   type: 'tag' }
90 silly mapToRegistry uri https://registry.npmjs.org/cloudant-nano
91 silly fetchNamedPackageData request
92 silly mapToRegistry name request
93 silly mapToRegistry using default registry
94 silly mapToRegistry registry https://registry.npmjs.org/
95 silly mapToRegistry data Result {
95 silly mapToRegistry   raw: 'request',
95 silly mapToRegistry   scope: null,
95 silly mapToRegistry   escapedName: 'request',
95 silly mapToRegistry   name: 'request',
95 silly mapToRegistry   rawSpec: '',
95 silly mapToRegistry   spec: 'latest',
95 silly mapToRegistry   type: 'tag' }
96 silly mapToRegistry uri https://registry.npmjs.org/request
97 verbose request uri https://registry.npmjs.org/async
98 verbose request no auth needed
99 info attempt registry request try #1 at 2:20:24 PM
100 http request GET https://registry.npmjs.org/async
101 verbose request uri https://registry.npmjs.org/cloudant-nano
102 verbose request no auth needed
103 info attempt registry request try #1 at 2:20:24 PM
104 http request GET https://registry.npmjs.org/cloudant-nano
105 verbose request uri https://registry.npmjs.org/request
106 verbose request no auth needed
107 info attempt registry request try #1 at 2:20:24 PM
108 http request GET https://registry.npmjs.org/request
109 verbose request uri https://registry.npmjs.org/debug
110 verbose request no auth needed
111 info attempt registry request try #1 at 2:20:24 PM
112 verbose etag W/"59a1dd2a-17d7f"
113 verbose lastModified Sat, 26 Aug 2017 20:42:18 GMT
114 http request GET https://registry.npmjs.org/debug
115 http 200 https://registry.npmjs.org/async
116 verbose headers { server: 'nginx/1.10.1',
116 verbose headers   'content-type': 'application/json',
116 verbose headers   'last-modified': 'Mon, 28 Aug 2017 19:22:12 GMT',
116 verbose headers   etag: 'W/"59a46d64-21e6a"',
116 verbose headers   'content-encoding': 'gzip',
116 verbose headers   'cache-control': 'max-age=300',
116 verbose headers   'content-length': '16933',
116 verbose headers   'accept-ranges': 'bytes',
116 verbose headers   date: 'Wed, 30 Aug 2017 12:20:24 GMT',
116 verbose headers   via: '1.1 varnish',
116 verbose headers   age: '246',
116 verbose headers   connection: 'keep-alive',
116 verbose headers   'x-served-by': 'cache-lhr6336-LHR',
116 verbose headers   'x-cache': 'HIT',
116 verbose headers   'x-cache-hits': '7',
116 verbose headers   'x-timer': 'S1504095624.448209,VS0,VE0',
116 verbose headers   vary: 'Accept-Encoding, Accept' }
117 silly get cb [ 200,
117 silly get   { server: 'nginx/1.10.1',
117 silly get     'content-type': 'application/json',
117 silly get     'last-modified': 'Mon, 28 Aug 2017 19:22:12 GMT',
117 silly get     etag: 'W/"59a46d64-21e6a"',
117 silly get     'content-encoding': 'gzip',
117 silly get     'cache-control': 'max-age=300',
117 silly get     'content-length': '16933',
117 silly get     'accept-ranges': 'bytes',
117 silly get     date: 'Wed, 30 Aug 2017 12:20:24 GMT',
117 silly get     via: '1.1 varnish',
117 silly get     age: '246',
117 silly get     connection: 'keep-alive',
117 silly get     'x-served-by': 'cache-lhr6336-LHR',
117 silly get     'x-cache': 'HIT',
117 silly get     'x-cache-hits': '7',
117 silly get     'x-timer': 'S1504095624.448209,VS0,VE0',
117 silly get     vary: 'Accept-Encoding, Accept' } ]
118 verbose get saving async to C:\Users\Owner\AppData\Roaming\npm-cache\registry.npmjs.org\async\.cache.json
119 verbose correctMkdir C:\Users\Owner\AppData\Roaming\npm-cache correctMkdir not in flight; initializing
120 silly resolveWithNewModule async@2.1.2 checking installable status
121 silly cache add args [ 'async@2.1.2', null ]
122 verbose cache add spec async@2.1.2
123 silly cache add parsed spec Result {
123 silly cache add   raw: 'async@2.1.2',
123 silly cache add   scope: null,
123 silly cache add   escapedName: 'async',
123 silly cache add   name: 'async',
123 silly cache add   rawSpec: '2.1.2',
123 silly cache add   spec: '2.1.2',
123 silly cache add   type: 'version' }
124 silly addNamed async@2.1.2
125 verbose addNamed "2.1.2" is a plain semver version for async
126 silly mapToRegistry name async
127 silly mapToRegistry using default registry
128 silly mapToRegistry registry https://registry.npmjs.org/
129 silly mapToRegistry data Result {
129 silly mapToRegistry   raw: 'async',
129 silly mapToRegistry   scope: null,
129 silly mapToRegistry   escapedName: 'async',
129 silly mapToRegistry   name: 'async',
129 silly mapToRegistry   rawSpec: '',
129 silly mapToRegistry   spec: 'latest',
129 silly mapToRegistry   type: 'tag' }
130 silly mapToRegistry uri https://registry.npmjs.org/async
131 verbose addNameVersion registry:https://registry.npmjs.org/async not in flight; fetching
132 verbose get https://registry.npmjs.org/async not expired, no request
133 silly mapToRegistry name async
134 silly mapToRegistry using default registry
135 silly mapToRegistry registry https://registry.npmjs.org/
136 silly mapToRegistry data Result {
136 silly mapToRegistry   raw: 'async',
136 silly mapToRegistry   scope: null,
136 silly mapToRegistry   escapedName: 'async',
136 silly mapToRegistry   name: 'async',
136 silly mapToRegistry   rawSpec: '',
136 silly mapToRegistry   spec: 'latest',
136 silly mapToRegistry   type: 'tag' }
137 silly mapToRegistry uri https://registry.npmjs.org/async
138 verbose addRemoteTarball https://registry.npmjs.org/async/-/async-2.1.2.tgz not in flight; adding
139 verbose addRemoteTarball [ 'https://registry.npmjs.org/async/-/async-2.1.2.tgz',
139 verbose addRemoteTarball   '612a4ab45ef42a70cde806bad86ee6db047e8385' ]
140 info retry fetch attempt 1 at 2:20:24 PM
141 info attempt registry request try #1 at 2:20:24 PM
142 http fetch GET https://registry.npmjs.org/async/-/async-2.1.2.tgz
143 http fetch 200 https://registry.npmjs.org/async/-/async-2.1.2.tgz
144 http 200 https://registry.npmjs.org/cloudant-nano
145 verbose headers { server: 'nginx/1.10.1',
145 verbose headers   'content-type': 'application/json',
145 verbose headers   'last-modified': 'Tue, 23 May 2017 15:59:18 GMT',
145 verbose headers   etag: 'W/"59245c56-9cce"',
145 verbose headers   'content-encoding': 'gzip',
145 verbose headers   'cache-control': 'max-age=300',
145 verbose headers   'content-length': '10328',
145 verbose headers   'accept-ranges': 'bytes',
145 verbose headers   date: 'Wed, 30 Aug 2017 12:20:24 GMT',
145 verbose headers   via: '1.1 varnish',
145 verbose headers   age: '0',
145 verbose headers   connection: 'keep-alive',
145 verbose headers   'x-served-by': 'cache-lhr6347-LHR',
145 verbose headers   'x-cache': 'HIT',
145 verbose headers   'x-cache-hits': '1',
145 verbose headers   'x-timer': 'S1504095625.716941,VS0,VE74',
145 verbose headers   vary: 'Accept-Encoding, Accept' }
146 silly get cb [ 200,
146 silly get   { server: 'nginx/1.10.1',
146 silly get     'content-type': 'application/json',
146 silly get     'last-modified': 'Tue, 23 May 2017 15:59:18 GMT',
146 silly get     etag: 'W/"59245c56-9cce"',
146 silly get     'content-encoding': 'gzip',
146 silly get     'cache-control': 'max-age=300',
146 silly get     'content-length': '10328',
146 silly get     'accept-ranges': 'bytes',
146 silly get     date: 'Wed, 30 Aug 2017 12:20:24 GMT',
146 silly get     via: '1.1 varnish',
146 silly get     age: '0',
146 silly get     connection: 'keep-alive',
146 silly get     'x-served-by': 'cache-lhr6347-LHR',
146 silly get     'x-cache': 'HIT',
146 silly get     'x-cache-hits': '1',
146 silly get     'x-timer': 'S1504095625.716941,VS0,VE74',
146 silly get     vary: 'Accept-Encoding, Accept' } ]
147 verbose get saving cloudant-nano to C:\Users\Owner\AppData\Roaming\npm-cache\registry.npmjs.org\cloudant-nano\.cache.json
148 verbose correctMkdir C:\Users\Owner\AppData\Roaming\npm-cache correctMkdir not in flight; initializing
149 silly resolveWithNewModule cloudant-nano@6.5.0 checking installable status
150 silly cache add args [ 'cloudant-nano@6.5.0', null ]
151 verbose cache add spec cloudant-nano@6.5.0
152 silly cache add parsed spec Result {
152 silly cache add   raw: 'cloudant-nano@6.5.0',
152 silly cache add   scope: null,
152 silly cache add   escapedName: 'cloudant-nano',
152 silly cache add   name: 'cloudant-nano',
152 silly cache add   rawSpec: '6.5.0',
152 silly cache add   spec: '6.5.0',
152 silly cache add   type: 'version' }
153 silly addNamed cloudant-nano@6.5.0
154 verbose addNamed "6.5.0" is a plain semver version for cloudant-nano
155 silly mapToRegistry name cloudant-nano
156 silly mapToRegistry using default registry
157 silly mapToRegistry registry https://registry.npmjs.org/
158 silly mapToRegistry data Result {
158 silly mapToRegistry   raw: 'cloudant-nano',
158 silly mapToRegistry   scope: null,
158 silly mapToRegistry   escapedName: 'cloudant-nano',
158 silly mapToRegistry   name: 'cloudant-nano',
158 silly mapToRegistry   rawSpec: '',
158 silly mapToRegistry   spec: 'latest',
158 silly mapToRegistry   type: 'tag' }
159 silly mapToRegistry uri https://registry.npmjs.org/cloudant-nano
160 verbose addNameVersion registry:https://registry.npmjs.org/cloudant-nano not in flight; fetching
161 verbose get https://registry.npmjs.org/cloudant-nano not expired, no request
162 silly mapToRegistry name cloudant-nano
163 silly mapToRegistry using default registry
164 silly mapToRegistry registry https://registry.npmjs.org/
165 silly mapToRegistry data Result {
165 silly mapToRegistry   raw: 'cloudant-nano',
165 silly mapToRegistry   scope: null,
165 silly mapToRegistry   escapedName: 'cloudant-nano',
165 silly mapToRegistry   name: 'cloudant-nano',
165 silly mapToRegistry   rawSpec: '',
165 silly mapToRegistry   spec: 'latest',
165 silly mapToRegistry   type: 'tag' }
166 silly mapToRegistry uri https://registry.npmjs.org/cloudant-nano
167 verbose addRemoteTarball https://registry.npmjs.org/cloudant-nano/-/cloudant-nano-6.5.0.tgz not in flight; adding
168 verbose addRemoteTarball [ 'https://registry.npmjs.org/cloudant-nano/-/cloudant-nano-6.5.0.tgz',
168 verbose addRemoteTarball   '1ed35dc06bfc5d636eb72617708a0aa3a77e861e' ]
169 info retry fetch attempt 1 at 2:20:24 PM
170 info attempt registry request try #1 at 2:20:24 PM
171 http fetch GET https://registry.npmjs.org/cloudant-nano/-/cloudant-nano-6.5.0.tgz
172 http fetch 200 https://registry.npmjs.org/cloudant-nano/-/cloudant-nano-6.5.0.tgz
173 silly fetchAndShaCheck shasum 612a4ab45ef42a70cde806bad86ee6db047e8385
174 verbose addTmpTarball C:\Users\Owner\AppData\Local\Temp\npm-16676-f612d6d0\registry.npmjs.org\async\-\async-2.1.2.tgz not in flight; adding
175 verbose addTmpTarball already have metadata; skipping unpack for async@2.1.2
176 verbose correctMkdir C:\Users\Owner\AppData\Roaming\npm-cache correctMkdir not in flight; initializing
177 silly cache afterAdd async@2.1.2
178 verbose afterAdd C:\Users\Owner\AppData\Roaming\npm-cache\async\2.1.2\package\package.json not in flight; writing
179 verbose correctMkdir C:\Users\Owner\AppData\Roaming\npm-cache correctMkdir not in flight; initializing
180 verbose afterAdd C:\Users\Owner\AppData\Roaming\npm-cache\async\2.1.2\package\package.json written
181 http 200 https://registry.npmjs.org/debug
182 verbose headers { server: 'nginx/1.10.1',
182 verbose headers   'content-type': 'application/json',
182 verbose headers   'last-modified': 'Wed, 30 Aug 2017 03:33:56 GMT',
182 verbose headers   etag: 'W/"59a63224-17d9c"',
182 verbose headers   'content-encoding': 'gzip',
182 verbose headers   'cache-control': 'max-age=300',
182 verbose headers   'content-length': '16334',
182 verbose headers   'accept-ranges': 'bytes',
182 verbose headers   date: 'Wed, 30 Aug 2017 12:20:24 GMT',
182 verbose headers   via: '1.1 varnish',
182 verbose headers   age: '272',
182 verbose headers   connection: 'keep-alive',
182 verbose headers   'x-served-by': 'cache-lhr6335-LHR',
182 verbose headers   'x-cache': 'HIT',
182 verbose headers   'x-cache-hits': '21',
182 verbose headers   'x-timer': 'S1504095625.748649,VS0,VE0',
182 verbose headers   vary: 'Accept-Encoding, Accept' }
183 silly get cb [ 200,
183 silly get   { server: 'nginx/1.10.1',
183 silly get     'content-type': 'application/json',
183 silly get     'last-modified': 'Wed, 30 Aug 2017 03:33:56 GMT',
183 silly get     etag: 'W/"59a63224-17d9c"',
183 silly get     'content-encoding': 'gzip',
183 silly get     'cache-control': 'max-age=300',
183 silly get     'content-length': '16334',
183 silly get     'accept-ranges': 'bytes',
183 silly get     date: 'Wed, 30 Aug 2017 12:20:24 GMT',
183 silly get     via: '1.1 varnish',
183 silly get     age: '272',
183 silly get     connection: 'keep-alive',
183 silly get     'x-served-by': 'cache-lhr6335-LHR',
183 silly get     'x-cache': 'HIT',
183 silly get     'x-cache-hits': '21',
183 silly get     'x-timer': 'S1504095625.748649,VS0,VE0',
183 silly get     vary: 'Accept-Encoding, Accept' } ]
184 verbose get saving debug to C:\Users\Owner\AppData\Roaming\npm-cache\registry.npmjs.org\debug\.cache.json
185 verbose correctMkdir C:\Users\Owner\AppData\Roaming\npm-cache correctMkdir not in flight; initializing
186 silly resolveWithNewModule debug@2.2.0 checking installable status
187 silly cache add args [ 'debug@2.2.0', null ]
188 verbose cache add spec debug@2.2.0
189 silly cache add parsed spec Result {
189 silly cache add   raw: 'debug@2.2.0',
189 silly cache add   scope: null,
189 silly cache add   escapedName: 'debug',
189 silly cache add   name: 'debug',
189 silly cache add   rawSpec: '2.2.0',
189 silly cache add   spec: '2.2.0',
189 silly cache add   type: 'version' }
190 silly addNamed debug@2.2.0
191 verbose addNamed "2.2.0" is a plain semver version for debug
192 silly mapToRegistry name debug
193 silly mapToRegistry using default registry
194 silly mapToRegistry registry https://registry.npmjs.org/
195 silly mapToRegistry data Result {
195 silly mapToRegistry   raw: 'debug',
195 silly mapToRegistry   scope: null,
195 silly mapToRegistry   escapedName: 'debug',
195 silly mapToRegistry   name: 'debug',
195 silly mapToRegistry   rawSpec: '',
195 silly mapToRegistry   spec: 'latest',
195 silly mapToRegistry   type: 'tag' }
196 silly mapToRegistry uri https://registry.npmjs.org/debug
197 verbose addNameVersion registry:https://registry.npmjs.org/debug not in flight; fetching
198 verbose get https://registry.npmjs.org/debug not expired, no request
199 silly mapToRegistry name debug
200 silly mapToRegistry using default registry
201 silly mapToRegistry registry https://registry.npmjs.org/
202 silly mapToRegistry data Result {
202 silly mapToRegistry   raw: 'debug',
202 silly mapToRegistry   scope: null,
202 silly mapToRegistry   escapedName: 'debug',
202 silly mapToRegistry   name: 'debug',
202 silly mapToRegistry   rawSpec: '',
202 silly mapToRegistry   spec: 'latest',
202 silly mapToRegistry   type: 'tag' }
203 silly mapToRegistry uri https://registry.npmjs.org/debug
204 verbose addRemoteTarball https://registry.npmjs.org/debug/-/debug-2.2.0.tgz not in flight; adding
205 verbose addRemoteTarball [ 'https://registry.npmjs.org/debug/-/debug-2.2.0.tgz',
205 verbose addRemoteTarball   'f87057e995b1a1f6ae6a4960664137bc56f039da' ]
206 info retry fetch attempt 1 at 2:20:25 PM
207 info attempt registry request try #1 at 2:20:25 PM
208 http fetch GET https://registry.npmjs.org/debug/-/debug-2.2.0.tgz
209 http 200 https://registry.npmjs.org/request
210 verbose headers { server: 'nginx/1.10.1',
210 verbose headers   'content-type': 'application/json',
210 verbose headers   'last-modified': 'Mon, 28 Aug 2017 19:20:36 GMT',
210 verbose headers   etag: 'W/"59a46d04-37bff"',
210 verbose headers   'content-encoding': 'gzip',
210 verbose headers   'cache-control': 'max-age=300',
210 verbose headers   'content-length': '34992',
210 verbose headers   'accept-ranges': 'bytes',
210 verbose headers   date: 'Wed, 30 Aug 2017 12:20:25 GMT',
210 verbose headers   via: '1.1 varnish',
210 verbose headers   age: '228',
210 verbose headers   connection: 'keep-alive',
210 verbose headers   'x-served-by': 'cache-lhr6340-LHR',
210 verbose headers   'x-cache': 'HIT',
210 verbose headers   'x-cache-hits': '2',
210 verbose headers   'x-timer': 'S1504095625.103366,VS0,VE0',
210 verbose headers   vary: 'Accept-Encoding, Accept' }
211 silly get cb [ 200,
211 silly get   { server: 'nginx/1.10.1',
211 silly get     'content-type': 'application/json',
211 silly get     'last-modified': 'Mon, 28 Aug 2017 19:20:36 GMT',
211 silly get     etag: 'W/"59a46d04-37bff"',
211 silly get     'content-encoding': 'gzip',
211 silly get     'cache-control': 'max-age=300',
211 silly get     'content-length': '34992',
211 silly get     'accept-ranges': 'bytes',
211 silly get     date: 'Wed, 30 Aug 2017 12:20:25 GMT',
211 silly get     via: '1.1 varnish',
211 silly get     age: '228',
211 silly get     connection: 'keep-alive',
211 silly get     'x-served-by': 'cache-lhr6340-LHR',
211 silly get     'x-cache': 'HIT',
211 silly get     'x-cache-hits': '2',
211 silly get     'x-timer': 'S1504095625.103366,VS0,VE0',
211 silly get     vary: 'Accept-Encoding, Accept' } ]
212 verbose get saving request to C:\Users\Owner\AppData\Roaming\npm-cache\registry.npmjs.org\request\.cache.json
213 verbose correctMkdir C:\Users\Owner\AppData\Roaming\npm-cache correctMkdir not in flight; initializing
214 silly resolveWithNewModule request@2.76.0 checking installable status
215 silly cache add args [ 'request@2.76.0', null ]
216 verbose cache add spec request@2.76.0
217 silly cache add parsed spec Result {
217 silly cache add   raw: 'request@2.76.0',
217 silly cache add   scope: null,
217 silly cache add   escapedName: 'request',
217 silly cache add   name: 'request',
217 silly cache add   rawSpec: '2.76.0',
217 silly cache add   spec: '2.76.0',
217 silly cache add   type: 'version' }
218 silly addNamed request@2.76.0
219 verbose addNamed "2.76.0" is a plain semver version for request
220 silly mapToRegistry name request
221 silly mapToRegistry using default registry
222 silly mapToRegistry registry https://registry.npmjs.org/
223 silly mapToRegistry data Result {
223 silly mapToRegistry   raw: 'request',
223 silly mapToRegistry   scope: null,
223 silly mapToRegistry   escapedName: 'request',
223 silly mapToRegistry   name: 'request',
223 silly mapToRegistry   rawSpec: '',
223 silly mapToRegistry   spec: 'latest',
223 silly mapToRegistry   type: 'tag' }
224 silly mapToRegistry uri https://registry.npmjs.org/request
225 verbose addNameVersion registry:https://registry.npmjs.org/request not in flight; fetching
226 verbose get https://registry.npmjs.org/request not expired, no request
227 silly mapToRegistry name request
228 silly mapToRegistry using default registry
229 silly mapToRegistry registry https://registry.npmjs.org/
230 silly mapToRegistry data Result {
230 silly mapToRegistry   raw: 'request',
230 silly mapToRegistry   scope: null,
230 silly mapToRegistry   escapedName: 'request',
230 silly mapToRegistry   name: 'request',
230 silly mapToRegistry   rawSpec: '',
230 silly mapToRegistry   spec: 'latest',
230 silly mapToRegistry   type: 'tag' }
231 silly mapToRegistry uri https://registry.npmjs.org/request
232 verbose addRemoteTarball https://registry.npmjs.org/request/-/request-2.76.0.tgz not in flight; adding
233 verbose addRemoteTarball [ 'https://registry.npmjs.org/request/-/request-2.76.0.tgz',
233 verbose addRemoteTarball   'be44505afef70360a0436955106be3945d95560e' ]
234 info retry fetch attempt 1 at 2:20:25 PM
235 info attempt registry request try #1 at 2:20:25 PM
236 http fetch GET https://registry.npmjs.org/request/-/request-2.76.0.tgz
237 silly fetchAndShaCheck shasum 1ed35dc06bfc5d636eb72617708a0aa3a77e861e
238 verbose addTmpTarball C:\Users\Owner\AppData\Local\Temp\npm-16676-f612d6d0\registry.npmjs.org\cloudant-nano\-\cloudant-nano-6.5.0.tgz not in flight; adding
239 verbose addTmpTarball already have metadata; skipping unpack for cloudant-nano@6.5.0
240 verbose correctMkdir C:\Users\Owner\AppData\Roaming\npm-cache correctMkdir not in flight; initializing
241 silly cache afterAdd cloudant-nano@6.5.0
242 verbose afterAdd C:\Users\Owner\AppData\Roaming\npm-cache\cloudant-nano\6.5.0\package\package.json not in flight; writing
243 verbose correctMkdir C:\Users\Owner\AppData\Roaming\npm-cache correctMkdir not in flight; initializing
244 verbose afterAdd C:\Users\Owner\AppData\Roaming\npm-cache\cloudant-nano\6.5.0\package\package.json written
245 http fetch 200 https://registry.npmjs.org/debug/-/debug-2.2.0.tgz
246 silly fetchAndShaCheck shasum f87057e995b1a1f6ae6a4960664137bc56f039da
247 verbose addTmpTarball C:\Users\Owner\AppData\Local\Temp\npm-16676-f612d6d0\registry.npmjs.org\debug\-\debug-2.2.0.tgz not in flight; adding
248 verbose addTmpTarball already have metadata; skipping unpack for debug@2.2.0
249 verbose correctMkdir C:\Users\Owner\AppData\Roaming\npm-cache correctMkdir not in flight; initializing
250 silly cache afterAdd debug@2.2.0
251 verbose afterAdd C:\Users\Owner\AppData\Roaming\npm-cache\debug\2.2.0\package\package.json not in flight; writing
252 verbose correctMkdir C:\Users\Owner\AppData\Roaming\npm-cache correctMkdir not in flight; initializing
253 http fetch 200 https://registry.npmjs.org/request/-/request-2.76.0.tgz
254 verbose afterAdd C:\Users\Owner\AppData\Roaming\npm-cache\debug\2.2.0\package\package.json written
255 silly fetchAndShaCheck shasum be44505afef70360a0436955106be3945d95560e
256 verbose addTmpTarball C:\Users\Owner\AppData\Local\Temp\npm-16676-f612d6d0\registry.npmjs.org\request\-\request-2.76.0.tgz not in flight; adding
257 verbose addTmpTarball already have metadata; skipping unpack for request@2.76.0
258 verbose correctMkdir C:\Users\Owner\AppData\Roaming\npm-cache correctMkdir not in flight; initializing
259 silly cache afterAdd request@2.76.0
260 verbose afterAdd C:\Users\Owner\AppData\Roaming\npm-cache\request\2.76.0\package\package.json not in flight; writing
261 verbose correctMkdir C:\Users\Owner\AppData\Roaming\npm-cache correctMkdir not in flight; initializing
262 verbose afterAdd C:\Users\Owner\AppData\Roaming\npm-cache\request\2.76.0\package\package.json written
263 silly fetchNamedPackageData lodash
264 silly mapToRegistry name lodash
265 silly mapToRegistry using default registry
266 silly mapToRegistry registry https://registry.npmjs.org/
267 silly mapToRegistry data Result {
267 silly mapToRegistry   raw: 'lodash',
267 silly mapToRegistry   scope: null,
267 silly mapToRegistry   escapedName: 'lodash',
267 silly mapToRegistry   name: 'lodash',
267 silly mapToRegistry   rawSpec: '',
267 silly mapToRegistry   spec: 'latest',
267 silly mapToRegistry   type: 'tag' }
268 silly mapToRegistry uri https://registry.npmjs.org/lodash
269 verbose request uri https://registry.npmjs.org/lodash
270 verbose request no auth needed
271 info attempt registry request try #1 at 2:20:26 PM
272 http request GET https://registry.npmjs.org/lodash
273 http 200 https://registry.npmjs.org/lodash
274 verbose headers { server: 'nginx/1.10.1',
274 verbose headers   'content-type': 'application/json',
274 verbose headers   'last-modified': 'Wed, 30 Aug 2017 03:13:26 GMT',
274 verbose headers   etag: 'W/"59a62d56-29cbf"',
274 verbose headers   'content-encoding': 'gzip',
274 verbose headers   'cache-control': 'max-age=300',
274 verbose headers   'content-length': '18333',
274 verbose headers   'accept-ranges': 'bytes',
274 verbose headers   date: 'Wed, 30 Aug 2017 12:20:26 GMT',
274 verbose headers   via: '1.1 varnish',
274 verbose headers   age: '252',
274 verbose headers   connection: 'keep-alive',
274 verbose headers   'x-served-by': 'cache-lhr6340-LHR',
274 verbose headers   'x-cache': 'HIT',
274 verbose headers   'x-cache-hits': '13',
274 verbose headers   'x-timer': 'S1504095626.337501,VS0,VE0',
274 verbose headers   vary: 'Accept-Encoding, Accept' }
275 silly get cb [ 200,
275 silly get   { server: 'nginx/1.10.1',
275 silly get     'content-type': 'application/json',
275 silly get     'last-modified': 'Wed, 30 Aug 2017 03:13:26 GMT',
275 silly get     etag: 'W/"59a62d56-29cbf"',
275 silly get     'content-encoding': 'gzip',
275 silly get     'cache-control': 'max-age=300',
275 silly get     'content-length': '18333',
275 silly get     'accept-ranges': 'bytes',
275 silly get     date: 'Wed, 30 Aug 2017 12:20:26 GMT',
275 silly get     via: '1.1 varnish',
275 silly get     age: '252',
275 silly get     connection: 'keep-alive',
275 silly get     'x-served-by': 'cache-lhr6340-LHR',
275 silly get     'x-cache': 'HIT',
275 silly get     'x-cache-hits': '13',
275 silly get     'x-timer': 'S1504095626.337501,VS0,VE0',
275 silly get     vary: 'Accept-Encoding, Accept' } ]
276 verbose get saving lodash to C:\Users\Owner\AppData\Roaming\npm-cache\registry.npmjs.org\lodash\.cache.json
277 verbose correctMkdir C:\Users\Owner\AppData\Roaming\npm-cache correctMkdir not in flight; initializing
278 silly resolveWithNewModule lodash@4.17.4 checking installable status
279 silly cache add args [ 'lodash@^4.14.0', null ]
280 verbose cache add spec lodash@^4.14.0
281 silly cache add parsed spec Result {
281 silly cache add   raw: 'lodash@^4.14.0',
281 silly cache add   scope: null,
281 silly cache add   escapedName: 'lodash',
281 silly cache add   name: 'lodash',
281 silly cache add   rawSpec: '^4.14.0',
281 silly cache add   spec: '>=4.14.0 <5.0.0',
281 silly cache add   type: 'range' }
282 silly addNamed lodash@>=4.14.0 <5.0.0
283 verbose addNamed ">=4.14.0 <5.0.0" is a valid semver range for lodash
284 silly addNameRange { name: 'lodash', range: '>=4.14.0 <5.0.0', hasData: false }
285 silly mapToRegistry name lodash
286 silly mapToRegistry using default registry
287 silly mapToRegistry registry https://registry.npmjs.org/
288 silly mapToRegistry data Result {
288 silly mapToRegistry   raw: 'lodash',
288 silly mapToRegistry   scope: null,
288 silly mapToRegistry   escapedName: 'lodash',
288 silly mapToRegistry   name: 'lodash',
288 silly mapToRegistry   rawSpec: '',
288 silly mapToRegistry   spec: 'latest',
288 silly mapToRegistry   type: 'tag' }
289 silly mapToRegistry uri https://registry.npmjs.org/lodash
290 verbose addNameRange registry:https://registry.npmjs.org/lodash not in flight; fetching
291 verbose get https://registry.npmjs.org/lodash not expired, no request
292 silly addNameRange number 2 { name: 'lodash', range: '>=4.14.0 <5.0.0', hasData: true }
293 silly addNameRange versions [ 'lodash',
293 silly addNameRange   [ '0.1.0',
293 silly addNameRange     '0.2.0',
293 silly addNameRange     '0.2.1',
293 silly addNameRange     '0.2.2',
293 silly addNameRange     '0.3.0',
293 silly addNameRange     '0.3.1',
293 silly addNameRange     '0.3.2',
293 silly addNameRange     '0.4.0',
293 silly addNameRange     '0.4.1',
293 silly addNameRange     '0.4.2',
293 silly addNameRange     '0.5.0-rc.1',
293 silly addNameRange     '0.5.0',
293 silly addNameRange     '0.5.1',
293 silly addNameRange     '0.5.2',
293 silly addNameRange     '0.6.0',
293 silly addNameRange     '0.6.1',
293 silly addNameRange     '0.7.0',
293 silly addNameRange     '0.8.0',
293 silly addNameRange     '0.8.1',
293 silly addNameRange     '0.8.2',
293 silly addNameRange     '0.9.0',
293 silly addNameRange     '0.9.1',
293 silly addNameRange     '0.9.2',
293 silly addNameRange     '0.10.0',
293 silly addNameRange     '1.0.0-rc.1',
293 silly addNameRange     '1.0.0-rc.2',
293 silly addNameRange     '1.0.0-rc.3',
293 silly addNameRange     '1.0.0',
293 silly addNameRange     '1.0.1',
293 silly addNameRange     '1.1.0',
293 silly addNameRange     '1.1.1',
293 silly addNameRange     '1.2.0',
293 silly addNameRange     '1.2.1',
293 silly addNameRange     '1.3.0',
293 silly addNameRange     '1.3.1',
293 silly addNameRange     '2.0.0',
293 silly addNameRange     '2.1.0',
293 silly addNameRange     '2.2.0',
293 silly addNameRange     '2.2.1',
293 silly addNameRange     '2.3.0',
293 silly addNameRange     '2.4.0',
293 silly addNameRange     '2.4.1',
293 silly addNameRange     '3.0.0',
293 silly addNameRange     '3.0.1',
293 silly addNameRange     '3.1.0',
293 silly addNameRange     '3.2.0',
293 silly addNameRange     '3.3.0',
293 silly addNameRange     '3.3.1',
293 silly addNameRange     '3.4.0',
293 silly addNameRange     '3.5.0',
293 silly addNameRange     '3.6.0',
293 silly addNameRange     '1.0.2',
293 silly addNameRange     '3.7.0',
293 silly addNameRange     '2.4.2',
293 silly addNameRange     '3.8.0',
293 silly addNameRange     '3.9.0',
293 silly addNameRange     '3.9.1',
293 silly addNameRange     '3.9.2',
293 silly addNameRange     '3.9.3',
293 silly addNameRange     '3.10.0',
293 silly addNameRange     '3.10.1',
293 silly addNameRange     '4.0.0',
293 silly addNameRange     '4.0.1',
293 silly addNameRange     '4.1.0',
293 silly addNameRange     '4.2.0',
293 silly addNameRange     '4.2.1',
293 silly addNameRange     '4.3.0',
293 silly addNameRange     '4.4.0',
293 silly addNameRange     '4.5.0',
293 silly addNameRange     '4.5.1',
293 silly addNameRange     '4.6.0',
293 silly addNameRange     '4.6.1',
293 silly addNameRange     '4.7.0',
293 silly addNameRange     '4.8.0',
293 silly addNameRange     '4.8.1',
293 silly addNameRange     '4.8.2',
293 silly addNameRange     '4.9.0',
293 silly addNameRange     '4.10.0',
293 silly addNameRange     '4.11.0',
293 silly addNameRange     '4.11.1',
293 silly addNameRange     '4.11.2',
293 silly addNameRange     '4.12.0',
293 silly addNameRange     '4.13.0',
293 silly addNameRange     '4.13.1',
293 silly addNameRange     '4.14.0',
293 silly addNameRange     '4.14.1',
293 silly addNameRange     '4.14.2',
293 silly addNameRange     '4.15.0',
293 silly addNameRange     '4.16.0',
293 silly addNameRange     '4.16.1',
293 silly addNameRange     '4.16.2',
293 silly addNameRange     '4.16.3',
293 silly addNameRange     '4.16.4',
293 silly addNameRange     '4.16.5',
293 silly addNameRange     '4.16.6',
293 silly addNameRange     '4.17.0',
293 silly addNameRange     '4.17.1',
293 silly addNameRange     '4.17.2',
293 silly addNameRange     '4.17.3',
293 silly addNameRange     '4.17.4' ] ]
294 silly addNamed lodash@4.17.4
295 verbose addNamed "4.17.4" is a plain semver version for lodash
296 silly mapToRegistry name lodash
297 silly mapToRegistry using default registry
298 silly mapToRegistry registry https://registry.npmjs.org/
299 silly mapToRegistry data Result {
299 silly mapToRegistry   raw: 'lodash',
299 silly mapToRegistry   scope: null,
299 silly mapToRegistry   escapedName: 'lodash',
299 silly mapToRegistry   name: 'lodash',
299 silly mapToRegistry   rawSpec: '',
299 silly mapToRegistry   spec: 'latest',
299 silly mapToRegistry   type: 'tag' }
300 silly mapToRegistry uri https://registry.npmjs.org/lodash
301 verbose addRemoteTarball https://registry.npmjs.org/lodash/-/lodash-4.17.4.tgz not in flight; adding
302 verbose addRemoteTarball [ 'https://registry.npmjs.org/lodash/-/lodash-4.17.4.tgz',
302 verbose addRemoteTarball   '78203a4d1c328ae1d86dca6460e369b57f4055ae' ]
303 info retry fetch attempt 1 at 2:20:26 PM
304 info attempt registry request try #1 at 2:20:26 PM
305 http fetch GET https://registry.npmjs.org/lodash/-/lodash-4.17.4.tgz
306 http fetch 200 https://registry.npmjs.org/lodash/-/lodash-4.17.4.tgz
307 silly fetchAndShaCheck shasum 78203a4d1c328ae1d86dca6460e369b57f4055ae
308 verbose addTmpTarball C:\Users\Owner\AppData\Local\Temp\npm-16676-f612d6d0\registry.npmjs.org\lodash\-\lodash-4.17.4.tgz not in flight; adding
309 verbose addTmpTarball already have metadata; skipping unpack for lodash@4.17.4
310 verbose correctMkdir C:\Users\Owner\AppData\Roaming\npm-cache correctMkdir not in flight; initializing
311 silly cache afterAdd lodash@4.17.4
312 verbose afterAdd C:\Users\Owner\AppData\Roaming\npm-cache\lodash\4.17.4\package\package.json not in flight; writing
313 verbose correctMkdir C:\Users\Owner\AppData\Roaming\npm-cache correctMkdir not in flight; initializing
314 verbose afterAdd C:\Users\Owner\AppData\Roaming\npm-cache\lodash\4.17.4\package\package.json written
315 silly fetchNamedPackageData request
316 silly mapToRegistry name request
317 silly mapToRegistry using default registry
318 silly mapToRegistry registry https://registry.npmjs.org/
319 silly mapToRegistry data Result {
319 silly mapToRegistry   raw: 'request',
319 silly mapToRegistry   scope: null,
319 silly mapToRegistry   escapedName: 'request',
319 silly mapToRegistry   name: 'request',
319 silly mapToRegistry   rawSpec: '',
319 silly mapToRegistry   spec: 'latest',
319 silly mapToRegistry   type: 'tag' }
320 silly mapToRegistry uri https://registry.npmjs.org/request
321 silly resolveWithNewModule request@2.81.0 checking installable status
322 silly cache add args [ 'request@^2.81.0', null ]
323 verbose cache add spec request@^2.81.0
324 silly fetchNamedPackageData cloudant-follow
325 silly mapToRegistry name cloudant-follow
326 silly mapToRegistry using default registry
327 silly mapToRegistry registry https://registry.npmjs.org/
328 silly mapToRegistry data Result {
328 silly mapToRegistry   raw: 'cloudant-follow',
328 silly mapToRegistry   scope: null,
328 silly mapToRegistry   escapedName: 'cloudant-follow',
328 silly mapToRegistry   name: 'cloudant-follow',
328 silly mapToRegistry   rawSpec: '',
328 silly mapToRegistry   spec: 'latest',
328 silly mapToRegistry   type: 'tag' }
329 silly mapToRegistry uri https://registry.npmjs.org/cloudant-follow
330 silly fetchNamedPackageData errs
331 silly mapToRegistry name errs
332 silly mapToRegistry using default registry
333 silly mapToRegistry registry https://registry.npmjs.org/
334 silly mapToRegistry data Result {
334 silly mapToRegistry   raw: 'errs',
334 silly mapToRegistry   scope: null,
334 silly mapToRegistry   escapedName: 'errs',
334 silly mapToRegistry   name: 'errs',
334 silly mapToRegistry   rawSpec: '',
334 silly mapToRegistry   spec: 'latest',
334 silly mapToRegistry   type: 'tag' }
335 silly mapToRegistry uri https://registry.npmjs.org/errs
336 silly fetchNamedPackageData underscore
337 silly mapToRegistry name underscore
338 silly mapToRegistry using default registry
339 silly mapToRegistry registry https://registry.npmjs.org/
340 silly mapToRegistry data Result {
340 silly mapToRegistry   raw: 'underscore',
340 silly mapToRegistry   scope: null,
340 silly mapToRegistry   escapedName: 'underscore',
340 silly mapToRegistry   name: 'underscore',
340 silly mapToRegistry   rawSpec: '',
340 silly mapToRegistry   spec: 'latest',
340 silly mapToRegistry   type: 'tag' }
341 silly mapToRegistry uri https://registry.npmjs.org/underscore
342 silly cache add parsed spec Result {
342 silly cache add   raw: 'request@^2.81.0',
342 silly cache add   scope: null,
342 silly cache add   escapedName: 'request',
342 silly cache add   name: 'request',
342 silly cache add   rawSpec: '^2.81.0',
342 silly cache add   spec: '>=2.81.0 <3.0.0',
342 silly cache add   type: 'range' }
343 silly addNamed request@>=2.81.0 <3.0.0
344 verbose addNamed ">=2.81.0 <3.0.0" is a valid semver range for request
345 silly addNameRange { name: 'request', range: '>=2.81.0 <3.0.0', hasData: false }
346 silly mapToRegistry name request
347 silly mapToRegistry using default registry
348 silly mapToRegistry registry https://registry.npmjs.org/
349 silly mapToRegistry data Result {
349 silly mapToRegistry   raw: 'request',
349 silly mapToRegistry   scope: null,
349 silly mapToRegistry   escapedName: 'request',
349 silly mapToRegistry   name: 'request',
349 silly mapToRegistry   rawSpec: '',
349 silly mapToRegistry   spec: 'latest',
349 silly mapToRegistry   type: 'tag' }
350 silly mapToRegistry uri https://registry.npmjs.org/request
351 verbose addNameRange registry:https://registry.npmjs.org/request not in flight; fetching
352 verbose request uri https://registry.npmjs.org/cloudant-follow
353 verbose request no auth needed
354 info attempt registry request try #1 at 2:20:28 PM
355 http request GET https://registry.npmjs.org/cloudant-follow
356 verbose request uri https://registry.npmjs.org/errs
357 verbose request no auth needed
358 info attempt registry request try #1 at 2:20:28 PM
359 http request GET https://registry.npmjs.org/errs
360 verbose get https://registry.npmjs.org/request not expired, no request
361 silly addNameRange number 2 { name: 'request', range: '>=2.81.0 <3.0.0', hasData: true }
362 silly addNameRange versions [ 'request',
362 silly addNameRange   [ '0.10.0',
362 silly addNameRange     '0.8.3',
362 silly addNameRange     '0.9.0',
362 silly addNameRange     '0.9.1',
362 silly addNameRange     '0.9.5',
362 silly addNameRange     '1.0.0',
362 silly addNameRange     '1.1.0',
362 silly addNameRange     '1.1.1',
362 silly addNameRange     '1.2.0',
362 silly addNameRange     '1.9.0',
362 silly addNameRange     '1.9.1',
362 silly addNameRange     '1.9.2',
362 silly addNameRange     '1.9.3',
362 silly addNameRange     '1.9.5',
362 silly addNameRange     '1.9.7',
362 silly addNameRange     '1.9.8',
362 silly addNameRange     '1.9.9',
362 silly addNameRange     '2.0.0',
362 silly addNameRange     '2.0.1',
362 silly addNameRange     '2.0.2',
362 silly addNameRange     '2.0.3',
362 silly addNameRange     '2.0.4',
362 silly addNameRange     '2.0.5',
362 silly addNameRange     '2.1.0',
362 silly addNameRange     '2.1.1',
362 silly addNameRange     '2.2.0',
362 silly addNameRange     '2.2.5',
362 silly addNameRange     '2.2.6',
362 silly addNameRange     '2.2.9',
362 silly addNameRange     '2.9.0',
362 silly addNameRange     '2.9.1',
362 silly addNameRange     '2.9.2',
362 silly addNameRange     '2.9.3',
362 silly addNameRange     '2.9.100',
362 silly addNameRange     '2.9.150',
362 silly addNameRange     '2.9.151',
362 silly addNameRange     '2.9.152',
362 silly addNameRange     '2.9.153',
362 silly addNameRange     '2.9.200',
362 silly addNameRange     '2.9.201',
362 silly addNameRange     '2.9.202',
362 silly addNameRange     '2.9.203',
362 silly addNameRange     '2.10.0',
362 silly addNameRange     '2.11.0',
362 silly addNameRange     '2.11.1',
362 silly addNameRange     '2.11.2',
362 silly addNameRange     '2.11.3',
362 silly addNameRange     '2.11.4',
362 silly addNameRange     '2.12.0',
362 silly addNameRange     '2.14.0',
362 silly addNameRange     '2.16.0',
362 silly addNameRange     '2.16.2',
362 silly addNameRange     '2.16.4',
362 silly addNameRange     '2.16.6',
362 silly addNameRange     '2.18.0',
362 silly addNameRange     '2.19.0',
362 silly addNameRange     '2.20.0',
362 silly addNameRange     '2.21.0',
362 silly addNameRange     '2.22.0',
362 silly addNameRange     '2.23.0',
362 silly addNameRange     '2.24.0',
362 silly addNameRange     '2.25.0',
362 silly addNameRange     '2.26.0',
362 silly addNameRange     '2.27.0',
362 silly addNameRange     '2.28.0',
362 silly addNameRange     '2.29.0',
362 silly addNameRange     '2.30.0',
362 silly addNameRange     '2.31.0',
362 silly addNameRange     '2.32.0',
362 silly addNameRange     '2.33.0',
362 silly addNameRange     '2.34.0',
362 silly addNameRange     '2.35.0',
362 silly addNameRange     '2.36.0',
362 silly addNameRange     '2.37.0',
362 silly addNameRange     '2.38.0',
362 silly addNameRange     '2.39.0',
362 silly addNameRange     '2.40.0',
362 silly addNameRange     '2.41.0',
362 silly addNameRange     '2.42.0',
362 silly addNameRange     '2.43.0',
362 silly addNameRange     '2.44.0',
362 silly addNameRange     '2.45.0',
362 silly addNameRange     '2.46.0',
362 silly addNameRange     '2.47.0',
362 silly addNameRange     '2.48.0',
362 silly addNameRange     '2.49.0',
362 silly addNameRange     '2.50.0',
362 silly addNameRange     '2.51.0',
362 silly addNameRange     '2.52.0',
362 silly addNameRange     '2.53.0',
362 silly addNameRange     '2.54.0',
362 silly addNameRange     '2.55.0',
362 silly addNameRange     '2.56.0',
362 silly addNameRange     '2.57.0',
362 silly addNameRange     '2.58.0',
362 silly addNameRange     '2.59.0',
362 silly addNameRange     '2.60.0',
362 silly addNameRange     '2.61.0',
362 silly addNameRange     '2.62.0',
362 silly addNameRange     '2.63.0',
362 silly addNameRange     ... 18 more items ] ]
363 silly addNamed request@2.81.0
364 verbose addNamed "2.81.0" is a plain semver version for request
365 silly mapToRegistry name request
366 silly mapToRegistry using default registry
367 silly mapToRegistry registry https://registry.npmjs.org/
368 silly mapToRegistry data Result {
368 silly mapToRegistry   raw: 'request',
368 silly mapToRegistry   scope: null,
368 silly mapToRegistry   escapedName: 'request',
368 silly mapToRegistry   name: 'request',
368 silly mapToRegistry   rawSpec: '',
368 silly mapToRegistry   spec: 'latest',
368 silly mapToRegistry   type: 'tag' }
369 silly mapToRegistry uri https://registry.npmjs.org/request
370 verbose addRemoteTarball https://registry.npmjs.org/request/-/request-2.81.0.tgz not in flight; adding
371 verbose addRemoteTarball [ 'https://registry.npmjs.org/request/-/request-2.81.0.tgz',
371 verbose addRemoteTarball   'c6928946a0e06c5f8d6f8a9333469ffda46298a0' ]
372 info retry fetch attempt 1 at 2:20:28 PM
373 info attempt registry request try #1 at 2:20:28 PM
374 http fetch GET https://registry.npmjs.org/request/-/request-2.81.0.tgz
375 verbose request uri https://registry.npmjs.org/underscore
376 verbose request no auth needed
377 info attempt registry request try #1 at 2:20:28 PM
378 verbose etag W/"59a1dd2b-af5c"
379 verbose lastModified Sat, 26 Aug 2017 20:42:19 GMT
380 http request GET https://registry.npmjs.org/underscore
381 http fetch 200 https://registry.npmjs.org/request/-/request-2.81.0.tgz
382 http 200 https://registry.npmjs.org/cloudant-follow
383 verbose headers { server: 'nginx/1.10.1',
383 verbose headers   'content-type': 'application/json',
383 verbose headers   'last-modified': 'Tue, 23 May 2017 15:59:17 GMT',
383 verbose headers   etag: 'W/"59245c55-2cb7"',
383 verbose headers   'content-encoding': 'gzip',
383 verbose headers   'cache-control': 'max-age=300',
383 verbose headers   'content-length': '4592',
383 verbose headers   'accept-ranges': 'bytes',
383 verbose headers   date: 'Wed, 30 Aug 2017 12:20:28 GMT',
383 verbose headers   via: '1.1 varnish',
383 verbose headers   age: '0',
383 verbose headers   connection: 'keep-alive',
383 verbose headers   'x-served-by': 'cache-lhr6336-LHR',
383 verbose headers   'x-cache': 'HIT',
383 verbose headers   'x-cache-hits': '1',
383 verbose headers   'x-timer': 'S1504095629.544691,VS0,VE18',
383 verbose headers   vary: 'Accept-Encoding, Accept' }
384 silly get cb [ 200,
384 silly get   { server: 'nginx/1.10.1',
384 silly get     'content-type': 'application/json',
384 silly get     'last-modified': 'Tue, 23 May 2017 15:59:17 GMT',
384 silly get     etag: 'W/"59245c55-2cb7"',
384 silly get     'content-encoding': 'gzip',
384 silly get     'cache-control': 'max-age=300',
384 silly get     'content-length': '4592',
384 silly get     'accept-ranges': 'bytes',
384 silly get     date: 'Wed, 30 Aug 2017 12:20:28 GMT',
384 silly get     via: '1.1 varnish',
384 silly get     age: '0',
384 silly get     connection: 'keep-alive',
384 silly get     'x-served-by': 'cache-lhr6336-LHR',
384 silly get     'x-cache': 'HIT',
384 silly get     'x-cache-hits': '1',
384 silly get     'x-timer': 'S1504095629.544691,VS0,VE18',
384 silly get     vary: 'Accept-Encoding, Accept' } ]
385 verbose get saving cloudant-follow to C:\Users\Owner\AppData\Roaming\npm-cache\registry.npmjs.org\cloudant-follow\.cache.json
386 verbose correctMkdir C:\Users\Owner\AppData\Roaming\npm-cache correctMkdir not in flight; initializing
387 http 304 https://registry.npmjs.org/underscore
388 verbose headers { date: 'Wed, 30 Aug 2017 12:20:28 GMT',
388 verbose headers   via: '1.1 varnish',
388 verbose headers   'cache-control': 'max-age=300',
388 verbose headers   etag: 'W/"59a1dd2b-af5c"',
388 verbose headers   age: '296',
388 verbose headers   connection: 'keep-alive',
388 verbose headers   'x-served-by': 'cache-lhr6347-LHR',
388 verbose headers   'x-cache': 'HIT',
388 verbose headers   'x-cache-hits': '3',
388 verbose headers   'x-timer': 'S1504095629.563716,VS0,VE0',
388 verbose headers   vary: 'Accept-Encoding, Accept' }
389 silly get cb [ 304,
389 silly get   { date: 'Wed, 30 Aug 2017 12:20:28 GMT',
389 silly get     via: '1.1 varnish',
389 silly get     'cache-control': 'max-age=300',
389 silly get     etag: 'W/"59a1dd2b-af5c"',
389 silly get     age: '296',
389 silly get     connection: 'keep-alive',
389 silly get     'x-served-by': 'cache-lhr6347-LHR',
389 silly get     'x-cache': 'HIT',
389 silly get     'x-cache-hits': '3',
389 silly get     'x-timer': 'S1504095629.563716,VS0,VE0',
389 silly get     vary: 'Accept-Encoding, Accept' } ]
390 verbose etag https://registry.npmjs.org/underscore from cache
391 verbose get saving underscore to C:\Users\Owner\AppData\Roaming\npm-cache\registry.npmjs.org\underscore\.cache.json
392 verbose correctMkdir C:\Users\Owner\AppData\Roaming\npm-cache correctMkdir not in flight; initializing
393 http 200 https://registry.npmjs.org/errs
394 verbose headers { server: 'nginx/1.10.1',
394 verbose headers   'content-type': 'application/json',
394 verbose headers   'last-modified': 'Wed, 26 Nov 2014 05:10:10 GMT',
394 verbose headers   etag: 'W/"547560b2-3de6"',
394 verbose headers   'content-encoding': 'gzip',
394 verbose headers   'cache-control': 'max-age=300',
394 verbose headers   'content-length': '4126',
394 verbose headers   'accept-ranges': 'bytes',
394 verbose headers   date: 'Wed, 30 Aug 2017 12:20:28 GMT',
394 verbose headers   via: '1.1 varnish',
394 verbose headers   age: '0',
394 verbose headers   connection: 'keep-alive',
394 verbose headers   'x-served-by': 'cache-lhr6335-LHR',
394 verbose headers   'x-cache': 'HIT',
394 verbose headers   'x-cache-hits': '1',
394 verbose headers   'x-timer': 'S1504095629.546675,VS0,VE18',
394 verbose headers   vary: 'Accept-Encoding, Accept' }
395 silly get cb [ 200,
395 silly get   { server: 'nginx/1.10.1',
395 silly get     'content-type': 'application/json',
395 silly get     'last-modified': 'Wed, 26 Nov 2014 05:10:10 GMT',
395 silly get     etag: 'W/"547560b2-3de6"',
395 silly get     'content-encoding': 'gzip',
395 silly get     'cache-control': 'max-age=300',
395 silly get     'content-length': '4126',
395 silly get     'accept-ranges': 'bytes',
395 silly get     date: 'Wed, 30 Aug 2017 12:20:28 GMT',
395 silly get     via: '1.1 varnish',
395 silly get     age: '0',
395 silly get     connection: 'keep-alive',
395 silly get     'x-served-by': 'cache-lhr6335-LHR',
395 silly get     'x-cache': 'HIT',
395 silly get     'x-cache-hits': '1',
395 silly get     'x-timer': 'S1504095629.546675,VS0,VE18',
395 silly get     vary: 'Accept-Encoding, Accept' } ]
396 verbose get saving errs to C:\Users\Owner\AppData\Roaming\npm-cache\registry.npmjs.org\errs\.cache.json
397 verbose correctMkdir C:\Users\Owner\AppData\Roaming\npm-cache correctMkdir not in flight; initializing
398 silly resolveWithNewModule cloudant-follow@0.13.0 checking installable status
399 silly cache add args [ 'cloudant-follow@^0.13.0', null ]
400 verbose cache add spec cloudant-follow@^0.13.0
401 silly cache add parsed spec Result {
401 silly cache add   raw: 'cloudant-follow@^0.13.0',
401 silly cache add   scope: null,
401 silly cache add   escapedName: 'cloudant-follow',
401 silly cache add   name: 'cloudant-follow',
401 silly cache add   rawSpec: '^0.13.0',
401 silly cache add   spec: '>=0.13.0 <0.14.0',
401 silly cache add   type: 'range' }
402 silly addNamed cloudant-follow@>=0.13.0 <0.14.0
403 verbose addNamed ">=0.13.0 <0.14.0" is a valid semver range for cloudant-follow
404 silly addNameRange { name: 'cloudant-follow',
404 silly addNameRange   range: '>=0.13.0 <0.14.0',
404 silly addNameRange   hasData: false }
405 silly mapToRegistry name cloudant-follow
406 silly mapToRegistry using default registry
407 silly mapToRegistry registry https://registry.npmjs.org/
408 silly mapToRegistry data Result {
408 silly mapToRegistry   raw: 'cloudant-follow',
408 silly mapToRegistry   scope: null,
408 silly mapToRegistry   escapedName: 'cloudant-follow',
408 silly mapToRegistry   name: 'cloudant-follow',
408 silly mapToRegistry   rawSpec: '',
408 silly mapToRegistry   spec: 'latest',
408 silly mapToRegistry   type: 'tag' }
409 silly mapToRegistry uri https://registry.npmjs.org/cloudant-follow
410 verbose addNameRange registry:https://registry.npmjs.org/cloudant-follow not in flight; fetching
411 verbose get https://registry.npmjs.org/cloudant-follow not expired, no request
412 silly addNameRange number 2 { name: 'cloudant-follow',
412 silly addNameRange   range: '>=0.13.0 <0.14.0',
412 silly addNameRange   hasData: true }
413 silly addNameRange versions [ 'cloudant-follow', [ '0.13.0' ] ]
414 silly addNamed cloudant-follow@0.13.0
415 verbose addNamed "0.13.0" is a plain semver version for cloudant-follow
416 silly mapToRegistry name cloudant-follow
417 silly mapToRegistry using default registry
418 silly mapToRegistry registry https://registry.npmjs.org/
419 silly mapToRegistry data Result {
419 silly mapToRegistry   raw: 'cloudant-follow',
419 silly mapToRegistry   scope: null,
419 silly mapToRegistry   escapedName: 'cloudant-follow',
419 silly mapToRegistry   name: 'cloudant-follow',
419 silly mapToRegistry   rawSpec: '',
419 silly mapToRegistry   spec: 'latest',
419 silly mapToRegistry   type: 'tag' }
420 silly mapToRegistry uri https://registry.npmjs.org/cloudant-follow
421 verbose addRemoteTarball https://registry.npmjs.org/cloudant-follow/-/cloudant-follow-0.13.0.tgz not in flight; adding
422 verbose addRemoteTarball [ 'https://registry.npmjs.org/cloudant-follow/-/cloudant-follow-0.13.0.tgz',
422 verbose addRemoteTarball   '7ecead79061b00399f5ee3540368dd60657cdc2b' ]
423 info retry fetch attempt 1 at 2:20:28 PM
424 info attempt registry request try #1 at 2:20:28 PM
425 http fetch GET https://registry.npmjs.org/cloudant-follow/-/cloudant-follow-0.13.0.tgz
426 silly resolveWithNewModule errs@0.3.2 checking installable status
427 silly cache add args [ 'errs@^0.3.2', null ]
428 verbose cache add spec errs@^0.3.2
429 silly cache add parsed spec Result {
429 silly cache add   raw: 'errs@^0.3.2',
429 silly cache add   scope: null,
429 silly cache add   escapedName: 'errs',
429 silly cache add   name: 'errs',
429 silly cache add   rawSpec: '^0.3.2',
429 silly cache add   spec: '>=0.3.2 <0.4.0',
429 silly cache add   type: 'range' }
430 silly addNamed errs@>=0.3.2 <0.4.0
431 verbose addNamed ">=0.3.2 <0.4.0" is a valid semver range for errs
432 silly addNameRange { name: 'errs', range: '>=0.3.2 <0.4.0', hasData: false }
433 silly mapToRegistry name errs
434 silly mapToRegistry using default registry
435 silly mapToRegistry registry https://registry.npmjs.org/
436 silly mapToRegistry data Result {
436 silly mapToRegistry   raw: 'errs',
436 silly mapToRegistry   scope: null,
436 silly mapToRegistry   escapedName: 'errs',
436 silly mapToRegistry   name: 'errs',
436 silly mapToRegistry   rawSpec: '',
436 silly mapToRegistry   spec: 'latest',
436 silly mapToRegistry   type: 'tag' }
437 silly mapToRegistry uri https://registry.npmjs.org/errs
438 verbose addNameRange registry:https://registry.npmjs.org/errs not in flight; fetching
439 silly resolveWithNewModule underscore@1.8.3 checking installable status
440 silly cache add args [ 'underscore@^1.8.3', null ]
441 verbose cache add spec underscore@^1.8.3
442 silly cache add parsed spec Result {
442 silly cache add   raw: 'underscore@^1.8.3',
442 silly cache add   scope: null,
442 silly cache add   escapedName: 'underscore',
442 silly cache add   name: 'underscore',
442 silly cache add   rawSpec: '^1.8.3',
442 silly cache add   spec: '>=1.8.3 <2.0.0',
442 silly cache add   type: 'range' }
443 silly addNamed underscore@>=1.8.3 <2.0.0
444 verbose addNamed ">=1.8.3 <2.0.0" is a valid semver range for underscore
445 silly addNameRange { name: 'underscore', range: '>=1.8.3 <2.0.0', hasData: false }
446 silly mapToRegistry name underscore
447 silly mapToRegistry using default registry
448 silly mapToRegistry registry https://registry.npmjs.org/
449 silly mapToRegistry data Result {
449 silly mapToRegistry   raw: 'underscore',
449 silly mapToRegistry   scope: null,
449 silly mapToRegistry   escapedName: 'underscore',
449 silly mapToRegistry   name: 'underscore',
449 silly mapToRegistry   rawSpec: '',
449 silly mapToRegistry   spec: 'latest',
449 silly mapToRegistry   type: 'tag' }
450 silly mapToRegistry uri https://registry.npmjs.org/underscore
451 verbose addNameRange registry:https://registry.npmjs.org/underscore not in flight; fetching
452 verbose get https://registry.npmjs.org/errs not expired, no request
453 silly addNameRange number 2 { name: 'errs', range: '>=0.3.2 <0.4.0', hasData: true }
454 silly addNameRange versions [ 'errs',
454 silly addNameRange   [ '0.1.1',
454 silly addNameRange     '0.2.0',
454 silly addNameRange     '0.2.2',
454 silly addNameRange     '0.2.3',
454 silly addNameRange     '0.2.4',
454 silly addNameRange     '0.3.0',
454 silly addNameRange     '0.3.1',
454 silly addNameRange     '0.3.2' ] ]
455 silly addNamed errs@0.3.2
456 verbose addNamed "0.3.2" is a plain semver version for errs
457 verbose get https://registry.npmjs.org/underscore not expired, no request
458 silly addNameRange number 2 { name: 'underscore', range: '>=1.8.3 <2.0.0', hasData: true }
459 silly addNameRange versions [ 'underscore',
459 silly addNameRange   [ '1.0.3',
459 silly addNameRange     '1.0.4',
459 silly addNameRange     '1.1.0',
459 silly addNameRange     '1.1.1',
459 silly addNameRange     '1.1.2',
459 silly addNameRange     '1.1.3',
459 silly addNameRange     '1.1.4',
459 silly addNameRange     '1.1.5',
459 silly addNameRange     '1.1.6',
459 silly addNameRange     '1.1.7',
459 silly addNameRange     '1.2.0',
459 silly addNameRange     '1.2.1',
459 silly addNameRange     '1.2.2',
459 silly addNameRange     '1.2.3',
459 silly addNameRange     '1.2.4',
459 silly addNameRange     '1.3.0',
459 silly addNameRange     '1.3.1',
459 silly addNameRange     '1.3.2',
459 silly addNameRange     '1.3.3',
459 silly addNameRange     '1.4.0',
459 silly addNameRange     '1.4.1',
459 silly addNameRange     '1.4.2',
459 silly addNameRange     '1.4.3',
459 silly addNameRange     '1.4.4',
459 silly addNameRange     '1.5.0',
459 silly addNameRange     '1.5.1',
459 silly addNameRange     '1.5.2',
459 silly addNameRange     '1.6.0',
459 silly addNameRange     '1.7.0',
459 silly addNameRange     '1.8.0',
459 silly addNameRange     '1.8.1',
459 silly addNameRange     '1.8.2',
459 silly addNameRange     '1.8.3' ] ]
460 silly addNamed underscore@1.8.3
461 verbose addNamed "1.8.3" is a plain semver version for underscore
462 silly mapToRegistry name errs
463 silly mapToRegistry using default registry
464 silly mapToRegistry registry https://registry.npmjs.org/
465 silly mapToRegistry data Result {
465 silly mapToRegistry   raw: 'errs',
465 silly mapToRegistry   scope: null,
465 silly mapToRegistry   escapedName: 'errs',
465 silly mapToRegistry   name: 'errs',
465 silly mapToRegistry   rawSpec: '',
465 silly mapToRegistry   spec: 'latest',
465 silly mapToRegistry   type: 'tag' }
466 silly mapToRegistry uri https://registry.npmjs.org/errs
467 verbose addRemoteTarball https://registry.npmjs.org/errs/-/errs-0.3.2.tgz not in flight; adding
468 verbose addRemoteTarball [ 'https://registry.npmjs.org/errs/-/errs-0.3.2.tgz',
468 verbose addRemoteTarball   '798099b2dbd37ca2bc749e538a7c1307d0b50499' ]
469 info retry fetch attempt 1 at 2:20:28 PM
470 info attempt registry request try #1 at 2:20:28 PM
471 http fetch GET https://registry.npmjs.org/errs/-/errs-0.3.2.tgz
472 silly cache afterAdd underscore@1.8.3
473 verbose afterAdd C:\Users\Owner\AppData\Roaming\npm-cache\underscore\1.8.3\package\package.json not in flight; writing
474 verbose correctMkdir C:\Users\Owner\AppData\Roaming\npm-cache correctMkdir not in flight; initializing
475 verbose afterAdd C:\Users\Owner\AppData\Roaming\npm-cache\underscore\1.8.3\package\package.json written
476 http fetch 200 https://registry.npmjs.org/cloudant-follow/-/cloudant-follow-0.13.0.tgz
477 http fetch 200 https://registry.npmjs.org/errs/-/errs-0.3.2.tgz
478 silly fetchAndShaCheck shasum 798099b2dbd37ca2bc749e538a7c1307d0b50499
479 verbose addTmpTarball C:\Users\Owner\AppData\Local\Temp\npm-16676-f612d6d0\registry.npmjs.org\errs\-\errs-0.3.2.tgz not in flight; adding
480 verbose addTmpTarball already have metadata; skipping unpack for errs@0.3.2
481 verbose correctMkdir C:\Users\Owner\AppData\Roaming\npm-cache correctMkdir not in flight; initializing
482 info retry will retry, error on last attempt: Error: read ECONNRESET
483 silly fetchAndShaCheck shasum c6928946a0e06c5f8d6f8a9333469ffda46298a0
484 silly cache afterAdd errs@0.3.2
485 verbose afterAdd C:\Users\Owner\AppData\Roaming\npm-cache\errs\0.3.2\package\package.json not in flight; writing
486 verbose correctMkdir C:\Users\Owner\AppData\Roaming\npm-cache correctMkdir not in flight; initializing
487 verbose afterAdd C:\Users\Owner\AppData\Roaming\npm-cache\errs\0.3.2\package\package.json written
488 info retry will retry, error on last attempt: Error: read ECONNRESET
489 silly fetchAndShaCheck shasum 7ecead79061b00399f5ee3540368dd60657cdc2b
490 silly rollbackFailedOptional Starting
491 silly rollbackFailedOptional Finishing
492 silly runTopLevelLifecycles Finishing
493 silly install printInstalled
494 verbose stack Error: shasum check failed for C:\Users\Owner\AppData\Local\Temp\npm-16676-f612d6d0\registry.npmjs.org\request\-\request-2.81.0.tgz
494 verbose stack Expected: c6928946a0e06c5f8d6f8a9333469ffda46298a0
494 verbose stack Actual:   76f6fb0f945bec9c67c29d4f022c2f58d7118400
494 verbose stack From:     https://registry.npmjs.org/request/-/request-2.81.0.tgz
494 verbose stack     at C:\Program Files (x86)\nodejs\node_modules\npm\node_modules\sha\index.js:25:8
494 verbose stack     at ReadStream.<anonymous> (C:\Program Files (x86)\nodejs\node_modules\npm\node_modules\sha\index.js:72:7)
494 verbose stack     at emitNone (events.js:91:20)
494 verbose stack     at ReadStream.emit (events.js:185:7)
494 verbose stack     at endReadableNT (_stream_readable.js:974:12)
494 verbose stack     at _combinedTickCallback (internal/process/next_tick.js:80:11)
494 verbose stack     at process._tickCallback (internal/process/next_tick.js:104:9)
495 verbose cwd C:\Users\Owner\Desktop\IBM Eclipse\project\get-started-node-master
496 error Windows_NT 10.0.15063
497 error argv "C:\\Program Files (x86)\\nodejs\\node.exe" "C:\\Program Files (x86)\\nodejs\\node_modules\\npm\\bin\\npm-cli.js" "install" "cloudant"
498 error node v6.11.2
499 error npm  v3.10.10
500 error shasum check failed for C:\Users\Owner\AppData\Local\Temp\npm-16676-f612d6d0\registry.npmjs.org\request\-\request-2.81.0.tgz
500 error Expected: c6928946a0e06c5f8d6f8a9333469ffda46298a0
500 error Actual:   76f6fb0f945bec9c67c29d4f022c2f58d7118400
500 error From:     https://registry.npmjs.org/request/-/request-2.81.0.tgz
501 error If you need help, you may report this error at:
501 error     <https://github.com/npm/npm/issues>
502 verbose exit [ 1, true ]
